20-02-2025 08:15:23 DEBUG TestNG:82 - suiteXmlPath: "E:\WORK\IntelliJ Projects\OpenCart\master.xml"
20-02-2025 08:15:23 INFO  Utils:112 - [Utils] MethodGroupsHelper.collectMethodsByGroup() took 0 ms.
20-02-2025 08:15:23 INFO  Utils:112 - [Utils] MethodGroupsHelper.sortMethods() took 1 ms.
20-02-2025 08:15:23 INFO  Utils:112 - [Utils] MethodGroupsHelper.collectMethodsByGroup() took 0 ms.
20-02-2025 08:15:23 INFO  Utils:112 - [Utils] MethodGroupsHelper.sortMethods() took 0 ms.
20-02-2025 08:15:23 INFO  Utils:112 - [Utils] MethodGroupsHelper.collectMethodsByGroup() took 0 ms.
20-02-2025 08:15:23 INFO  Utils:112 - [Utils] MethodGroupsHelper.sortMethods() took 0 ms.
20-02-2025 08:15:23 INFO  Utils:112 - [Utils] MethodGroupsHelper.collectMethodsByGroup() took 0 ms.
20-02-2025 08:15:23 INFO  Utils:112 - [Utils] MethodGroupsHelper.sortMethods() took 0 ms.
20-02-2025 08:15:23 INFO  Utils:112 - [Utils] MethodGroupsHelper.collectMethodsByGroup() took 4 ms.
20-02-2025 08:15:23 INFO  Utils:112 - [Utils] MethodGroupsHelper.sortMethods() took 11 ms.
20-02-2025 08:15:23 INFO  Utils:112 - [Utils] MethodGroupsHelper.collectMethodsByGroup() took 0 ms.
20-02-2025 08:15:23 INFO  Utils:112 - [Utils] MethodGroupsHelper.sortMethods() took 0 ms.
20-02-2025 08:15:23 INFO  Utils:112 - [Utils] MethodGroupsHelper.collectMethodsByGroup() took 0 ms.
20-02-2025 08:15:23 INFO  Utils:112 - [Utils] MethodGroupsHelper.sortMethods() took 0 ms.
20-02-2025 08:15:23 INFO  Utils:112 - [Utils] MethodGroupsHelper.collectMethodsByGroup() took 0 ms.
20-02-2025 08:15:23 INFO  Utils:112 - [Utils] MethodGroupsHelper.sortMethods() took 0 ms.
20-02-2025 08:15:23 INFO  Utils:112 - [Utils] MethodGroupsHelper.collectMethodsByGroup() took 0 ms.
20-02-2025 08:15:23 INFO  Utils:112 - [Utils] MethodGroupsHelper.sortMethods() took 0 ms.
20-02-2025 08:15:23 INFO  Utils:112 - [Utils] MethodGroupsHelper.collectMethodsByGroup() took 0 ms.
20-02-2025 08:15:23 INFO  Utils:112 - [Utils] MethodGroupsHelper.sortMethods() took 0 ms.
20-02-2025 08:15:23 INFO  Utils:112 - [Utils] MethodGroupsHelper.collectMethodsByGroup() took 0 ms.
20-02-2025 08:15:23 INFO  Utils:112 - [Utils] MethodGroupsHelper.sortMethods() took 0 ms.
20-02-2025 08:15:23 INFO  Utils:112 - [Utils] MethodGroupsHelper.collectMethodsByGroup() took 0 ms.
20-02-2025 08:15:23 INFO  Utils:112 - [Utils] MethodGroupsHelper.sortMethods() took 0 ms.
20-02-2025 08:15:23 INFO  Utils:112 - [Utils] MethodGroupsHelper.collectMethodsByGroup() took 0 ms.
20-02-2025 08:15:23 INFO  Utils:112 - [Utils] MethodGroupsHelper.sortMethods() took 0 ms.
20-02-2025 08:15:23 INFO  Utils:112 - [Utils] MethodGroupsHelper.collectMethodsByGroup() took 0 ms.
20-02-2025 08:15:23 INFO  Utils:112 - [Utils] MethodGroupsHelper.sortMethods() took 0 ms.
20-02-2025 08:15:23 INFO  Utils:112 - [Utils] MethodGroupsHelper.collectMethodsByGroup() took 0 ms.
20-02-2025 08:15:23 INFO  Utils:112 - [Utils] MethodGroupsHelper.sortMethods() took 0 ms.
20-02-2025 08:15:23 INFO  Utils:112 - [Utils] DynamicGraphHelper.createDynamicGraph() took 2 ms.
20-02-2025 08:15:28 INFO  TC_001_AccountRegistrationTest:12 - **** Starting TC_001_AccountRegistrationTest ****
20-02-2025 08:15:28 INFO  TC_001_AccountRegistrationTest:17 - Clicked on My Account
20-02-2025 08:15:29 INFO  TC_001_AccountRegistrationTest:19 - Clicked on Register
20-02-2025 08:15:31 INFO  TC_001_AccountRegistrationTest:32 - Filled input
20-02-2025 08:15:31 INFO  TC_001_AccountRegistrationTest:35 - Verified 'Account Created!' message
20-02-2025 08:15:31 INFO  TC_001_AccountRegistrationTest:47 - **** Finished TC_001_AccountRegistrationTest ****
20-02-2025 08:15:34 INFO  Utils:112 - [TestNG] Time taken by org.testng.reporters.jq.Main@37c36608: 124 ms
20-02-2025 08:15:34 INFO  Utils:112 - [TestNG] Time taken by org.testng.reporters.FailedReporter@5d497a91: 1 ms
20-02-2025 08:15:34 INFO  Utils:112 - [TestNG] Time taken by org.testng.reporters.XMLReporter@4993febc: 10 ms
20-02-2025 08:15:34 INFO  Utils:112 - [TestNG] Time taken by org.testng.reporters.EmailableReporter2@53d13cd4: 7 ms
20-02-2025 08:15:34 INFO  Utils:112 - [TestNG] Time taken by org.testng.reporters.JUnitReportReporter@44032fde: 8 ms
20-02-2025 08:15:34 INFO  Utils:112 - [TestNG] Time taken by org.testng.internal.ExitCodeListener@7b676112: 0 ms
20-02-2025 08:26:52 DEBUG TestNG:82 - suiteXmlPath: "E:\WORK\IntelliJ_Projects\OpenCart\master.xml"
20-02-2025 08:26:52 INFO  Utils:112 - [Utils] MethodGroupsHelper.collectMethodsByGroup() took 1 ms.
20-02-2025 08:26:52 INFO  Utils:112 - [Utils] MethodGroupsHelper.sortMethods() took 0 ms.
20-02-2025 08:26:52 INFO  Utils:112 - [Utils] MethodGroupsHelper.collectMethodsByGroup() took 0 ms.
20-02-2025 08:26:52 INFO  Utils:112 - [Utils] MethodGroupsHelper.sortMethods() took 0 ms.
20-02-2025 08:26:52 INFO  Utils:112 - [Utils] MethodGroupsHelper.collectMethodsByGroup() took 0 ms.
20-02-2025 08:26:52 INFO  Utils:112 - [Utils] MethodGroupsHelper.sortMethods() took 1 ms.
20-02-2025 08:26:52 INFO  Utils:112 - [Utils] MethodGroupsHelper.collectMethodsByGroup() took 0 ms.
20-02-2025 08:26:52 INFO  Utils:112 - [Utils] MethodGroupsHelper.sortMethods() took 0 ms.
20-02-2025 08:26:52 INFO  Utils:112 - [Utils] MethodGroupsHelper.collectMethodsByGroup() took 4 ms.
20-02-2025 08:26:52 INFO  Utils:112 - [Utils] MethodGroupsHelper.sortMethods() took 9 ms.
20-02-2025 08:26:52 INFO  Utils:112 - [Utils] MethodGroupsHelper.collectMethodsByGroup() took 1 ms.
20-02-2025 08:26:52 INFO  Utils:112 - [Utils] MethodGroupsHelper.sortMethods() took 0 ms.
20-02-2025 08:26:52 INFO  Utils:112 - [Utils] MethodGroupsHelper.collectMethodsByGroup() took 0 ms.
20-02-2025 08:26:52 INFO  Utils:112 - [Utils] MethodGroupsHelper.sortMethods() took 0 ms.
20-02-2025 08:26:52 INFO  Utils:112 - [Utils] MethodGroupsHelper.collectMethodsByGroup() took 0 ms.
20-02-2025 08:26:52 INFO  Utils:112 - [Utils] MethodGroupsHelper.sortMethods() took 0 ms.
20-02-2025 08:26:52 INFO  Utils:112 - [Utils] MethodGroupsHelper.collectMethodsByGroup() took 0 ms.
20-02-2025 08:26:52 INFO  Utils:112 - [Utils] MethodGroupsHelper.sortMethods() took 0 ms.
20-02-2025 08:26:52 INFO  Utils:112 - [Utils] MethodGroupsHelper.collectMethodsByGroup() took 0 ms.
20-02-2025 08:26:52 INFO  Utils:112 - [Utils] MethodGroupsHelper.sortMethods() took 0 ms.
20-02-2025 08:26:52 INFO  Utils:112 - [Utils] MethodGroupsHelper.collectMethodsByGroup() took 0 ms.
20-02-2025 08:26:52 INFO  Utils:112 - [Utils] MethodGroupsHelper.sortMethods() took 0 ms.
20-02-2025 08:26:52 INFO  Utils:112 - [Utils] MethodGroupsHelper.collectMethodsByGroup() took 0 ms.
20-02-2025 08:26:52 INFO  Utils:112 - [Utils] MethodGroupsHelper.sortMethods() took 0 ms.
20-02-2025 08:26:52 INFO  Utils:112 - [Utils] MethodGroupsHelper.collectMethodsByGroup() took 1 ms.
20-02-2025 08:26:52 INFO  Utils:112 - [Utils] MethodGroupsHelper.sortMethods() took 0 ms.
20-02-2025 08:26:52 INFO  Utils:112 - [Utils] MethodGroupsHelper.collectMethodsByGroup() took 0 ms.
20-02-2025 08:26:52 INFO  Utils:112 - [Utils] MethodGroupsHelper.sortMethods() took 0 ms.
20-02-2025 08:26:52 INFO  Utils:112 - [Utils] MethodGroupsHelper.collectMethodsByGroup() took 0 ms.
20-02-2025 08:26:52 INFO  Utils:112 - [Utils] MethodGroupsHelper.sortMethods() took 0 ms.
20-02-2025 08:26:52 INFO  Utils:112 - [Utils] DynamicGraphHelper.createDynamicGraph() took 3 ms.
20-02-2025 08:26:56 INFO  TC_001_AccountRegistrationTest:12 - **** Starting TC_001_AccountRegistrationTest ****
20-02-2025 08:26:57 INFO  TC_001_AccountRegistrationTest:17 - Clicked on My Account
20-02-2025 08:26:57 INFO  TC_001_AccountRegistrationTest:19 - Clicked on Register
20-02-2025 08:26:59 INFO  TC_001_AccountRegistrationTest:32 - Filled input
20-02-2025 08:26:59 INFO  TC_001_AccountRegistrationTest:35 - Verified 'Account Created!' message
20-02-2025 08:26:59 INFO  TC_001_AccountRegistrationTest:47 - **** Finished TC_001_AccountRegistrationTest ****
20-02-2025 08:27:01 INFO  Utils:112 - [TestNG] Time taken by org.testng.reporters.jq.Main@4cb2918c: 61 ms
20-02-2025 08:27:01 INFO  Utils:112 - [TestNG] Time taken by org.testng.reporters.FailedReporter@72e295cc: 0 ms
20-02-2025 08:27:01 INFO  Utils:112 - [TestNG] Time taken by org.testng.reporters.XMLReporter@265bd546: 8 ms
20-02-2025 08:27:01 INFO  Utils:112 - [TestNG] Time taken by org.testng.reporters.EmailableReporter2@3722c145: 6 ms
20-02-2025 08:27:01 INFO  Utils:112 - [TestNG] Time taken by org.testng.reporters.JUnitReportReporter@4bc33720: 3 ms
20-02-2025 08:27:01 INFO  Utils:112 - [TestNG] Time taken by org.testng.internal.ExitCodeListener@2dd0f797: 0 ms
20-02-2025 08:28:51 DEBUG TestNG:82 - suiteXmlPath: "E:\WORK\IntelliJ_Projects\OpenCart\master.xml"
20-02-2025 08:28:52 INFO  Utils:112 - [Utils] MethodGroupsHelper.collectMethodsByGroup() took 0 ms.
20-02-2025 08:28:52 INFO  Utils:112 - [Utils] MethodGroupsHelper.sortMethods() took 0 ms.
20-02-2025 08:28:52 INFO  Utils:112 - [Utils] MethodGroupsHelper.collectMethodsByGroup() took 0 ms.
20-02-2025 08:28:52 INFO  Utils:112 - [Utils] MethodGroupsHelper.sortMethods() took 0 ms.
20-02-2025 08:28:52 INFO  Utils:112 - [Utils] MethodGroupsHelper.collectMethodsByGroup() took 0 ms.
20-02-2025 08:28:52 INFO  Utils:112 - [Utils] MethodGroupsHelper.sortMethods() took 0 ms.
20-02-2025 08:28:52 INFO  Utils:112 - [Utils] MethodGroupsHelper.collectMethodsByGroup() took 0 ms.
20-02-2025 08:28:52 INFO  Utils:112 - [Utils] MethodGroupsHelper.sortMethods() took 0 ms.
20-02-2025 08:28:52 INFO  Utils:112 - [Utils] MethodGroupsHelper.collectMethodsByGroup() took 3 ms.
20-02-2025 08:28:52 INFO  Utils:112 - [Utils] MethodGroupsHelper.sortMethods() took 7 ms.
20-02-2025 08:28:52 INFO  Utils:112 - [Utils] MethodGroupsHelper.collectMethodsByGroup() took 0 ms.
20-02-2025 08:28:52 INFO  Utils:112 - [Utils] MethodGroupsHelper.sortMethods() took 0 ms.
20-02-2025 08:28:52 INFO  Utils:112 - [Utils] MethodGroupsHelper.collectMethodsByGroup() took 0 ms.
20-02-2025 08:28:52 INFO  Utils:112 - [Utils] MethodGroupsHelper.sortMethods() took 0 ms.
20-02-2025 08:28:52 INFO  Utils:112 - [Utils] MethodGroupsHelper.collectMethodsByGroup() took 0 ms.
20-02-2025 08:28:52 INFO  Utils:112 - [Utils] MethodGroupsHelper.sortMethods() took 0 ms.
20-02-2025 08:28:52 INFO  Utils:112 - [Utils] MethodGroupsHelper.collectMethodsByGroup() took 0 ms.
20-02-2025 08:28:52 INFO  Utils:112 - [Utils] MethodGroupsHelper.sortMethods() took 0 ms.
20-02-2025 08:28:52 INFO  Utils:112 - [Utils] MethodGroupsHelper.collectMethodsByGroup() took 0 ms.
20-02-2025 08:28:52 INFO  Utils:112 - [Utils] MethodGroupsHelper.sortMethods() took 0 ms.
20-02-2025 08:28:52 INFO  Utils:112 - [Utils] MethodGroupsHelper.collectMethodsByGroup() took 0 ms.
20-02-2025 08:28:52 INFO  Utils:112 - [Utils] MethodGroupsHelper.sortMethods() took 0 ms.
20-02-2025 08:28:52 INFO  Utils:112 - [Utils] MethodGroupsHelper.collectMethodsByGroup() took 0 ms.
20-02-2025 08:28:52 INFO  Utils:112 - [Utils] MethodGroupsHelper.sortMethods() took 0 ms.
20-02-2025 08:28:52 INFO  Utils:112 - [Utils] MethodGroupsHelper.collectMethodsByGroup() took 0 ms.
20-02-2025 08:28:52 INFO  Utils:112 - [Utils] MethodGroupsHelper.sortMethods() took 0 ms.
20-02-2025 08:28:52 INFO  Utils:112 - [Utils] MethodGroupsHelper.collectMethodsByGroup() took 0 ms.
20-02-2025 08:28:52 INFO  Utils:112 - [Utils] MethodGroupsHelper.sortMethods() took 0 ms.
20-02-2025 08:28:52 INFO  Utils:112 - [Utils] MethodGroupsHelper.collectMethodsByGroup() took 0 ms.
20-02-2025 08:28:52 INFO  Utils:112 - [Utils] MethodGroupsHelper.sortMethods() took 0 ms.
20-02-2025 08:28:52 INFO  Utils:112 - [TestNG] Running:
  E:\WORK\IntelliJ_Projects\OpenCart\master.xml

20-02-2025 08:28:52 INFO  Utils:112 - [Utils] DynamicGraphHelper.createDynamicGraph() took 4 ms.
20-02-2025 08:28:57 INFO  TC_001_AccountRegistrationTest:12 - **** Starting TC_001_AccountRegistrationTest ****
20-02-2025 08:28:57 INFO  TC_001_AccountRegistrationTest:17 - Clicked on My Account
20-02-2025 08:28:58 INFO  TC_001_AccountRegistrationTest:19 - Clicked on Register
20-02-2025 08:28:59 INFO  TC_001_AccountRegistrationTest:32 - Filled input
20-02-2025 08:28:59 INFO  TC_001_AccountRegistrationTest:35 - Verified 'Account Created!' message
20-02-2025 08:28:59 INFO  TC_001_AccountRegistrationTest:47 - **** Finished TC_001_AccountRegistrationTest ****
20-02-2025 08:29:01 INFO  Utils:112 - [TestNG] Time taken by org.testng.internal.ExitCodeListener@c27a3a2: 0 ms
